android-simulator/app/build/intermediates/manifest_merge_blame_file/debug/processDebugMainManifest/manifest-merger-blame-debug-report.txt
1<?xml version="1.0" encoding="utf-8"?>
2<manifest xmlns:android="http://schemas.android.com/apk/res/android"
3    package="com.gatekeeper.simulator"
4    android:versionCode="1"
5    android:versionName="1.0" >
6
7    <uses-sdk
8        android:minSdkVersion="28"
9        android:targetSdkVersion="35" />
10
11    <uses-permission android:name="android.permission.INTERNET" />
11-->src/main/AndroidManifest.xml:2:5-67
11-->src/main/AndroidManifest.xml:2:22-64
12
13    <application
13-->src/main/AndroidManifest.xml:3:5-10:19
14        android:allowBackup="false"
14-->src/main/AndroidManifest.xml:3:93-120
15        android:debuggable="true"
16        android:extractNativeLibs="false"
17        android:label="Plate Controller Simulator"
17-->src/main/AndroidManifest.xml:3:50-92
18        android:supportsRtl="true"
18-->src/main/AndroidManifest.xml:3:121-147
19        android:theme="@style/AppTheme" >
19-->src/main/AndroidManifest.xml:3:18-49
20        <activity
20-->src/main/AndroidManifest.xml:4:9-9:20
21            android:name="com.gatekeeper.simulator.MainActivity"
21-->src/main/AndroidManifest.xml:4:19-47
22            android:exported="true"
22-->src/main/AndroidManifest.xml:4:85-108
23            android:screenOrientation="portrait" >
23-->src/main/AndroidManifest.xml:4:48-84
24            <intent-filter>
24-->src/main/AndroidManifest.xml:5:13-8:29
25                <action android:name="android.intent.action.MAIN" />
25-->src/main/AndroidManifest.xml:6:17-69
25-->src/main/AndroidManifest.xml:6:25-66
26
27                <category android:name="android.intent.category.LAUNCHER" />
27-->src/main/AndroidManifest.xml:7:17-77
27-->src/main/AndroidManifest.xml:7:27-74
28            </intent-filter>
29        </activity>
30    </application>
31
32</manifest>